0x00000000 0011 1100 0000 0001 0000 0000 0000 0000
0x00000004 0011 0100 0010 0010 0000 0000 0000 0100
0x00000008 0011 1100 0000 0001 0001 0000 0000 0001
0x0000000c 0011 0100 0010 0100 0000 0000 0000 0000
0x00000010 0000 0000 0000 0000 0000 0000 0000 1100
0x00000014 0000 1100 0000 0000 0000 0000 0000 1110
0x00000018 0011 1100 0000 0001 0000 0000 0000 0000
0x0000001c 0011 0100 0010 0010 0000 0000 0000 0100
0x00000020 0011 1100 0000 0001 0001 0000 0000 0001
0x00000024 0011 0100 0010 0100 0000 0000 0000 0000
0x00000028 0000 0000 0000 0000 0000 0000 0000 1100
0x0000002c 0011 1100 0000 0001 0000 0000 0000 0000
0x00000030 0011 0100 0010 0010 0000 0000 0000 1010
0x00000034 0000 0000 0000 0000 0000 0000 0000 1100
0x00000038 0011 1100 0000 0001 0000 0000 0000 0000
0x0000003c 0011 0100 0010 0010 0000 0000 0000 0100
0x00000040 0011 1100 0000 0001 0001 0000 0000 0001
0x00000044 0011 0100 0010 0100 0000 0000 0000 0000
0x00000048 0000 0000 0000 0000 0000 0000 0000 1100
0x0000004c 0000 0011 1110 0000 0000 0000 0000 1000
