0x00000000 0000 1100 0000 0000 0000 0000 0001 0111
0x00000004 0011 1100 0000 0001 0000 0000 0000 0000
0x00000008 0011 0100 0010 0010 0000 0000 0000 1010
0x0000000c 0000 0000 0000 0000 0000 0000 0000 1100
0x00000010 0011 1100 0000 0001 0000 0000 0000 0000
0x00000014 0011 0100 0010 0010 0000 0000 0000 1001
0x00000018 0000 0000 0000 0000 0000 0000 0000 1100
0x0000001c 0000 0011 1110 0000 0000 0000 0000 1000
0x00000020 0011 1100 0000 0001 0000 0000 0000 0000
0x00000024 0011 0100 0010 0010 0000 0000 0000 0001
0x00000028 0000 0000 0000 0000 0000 0000 0000 1100
0x0000002c 0011 1100 0000 0001 0001 0000 0000 0001
0x00000030 0011 0100 0010 0100 0000 0000 0000 0000
0x00000034 0011 1100 0000 0001 0000 0000 0000 0000
0x00000038 0011 0100 0010 0010 0000 0000 0000 0100
0x0000003c 0000 0000 0000 0000 0000 0000 0000 1100
0x00000040 0000 0011 1110 0000 0000 0000 0000 1000
0x00000044 0011 1100 0000 0001 0000 0000 0000 0000
0x00000048 0011 0100 0010 0010 0000 0000 0000 0100
0x0000004c 0000 0000 0000 0000 0000 0000 0000 1100
0x00000050 0011 1100 0000 0001 0000 0000 0000 0000
0x00000054 0011 0100 0010 0010 0000 0000 0000 1010
0x00000058 0000 0000 0000 0000 0000 0000 0000 1100
0x0000005c 1010 1111 1011 1110 1111 1111 1111 1000
0x00000060 0000 0011 1010 0000 1111 0000 0010 0000
0x00000064 0010 0111 1011 1101 1111 1111 1011 0100
0x00000068 1010 1111 1101 1111 1111 1111 1111 1100
0x0000006c 0011 1100 0000 0001 0000 0000 0000 0000
0x00000070 0011 0100 0010 0100 0000 0000 0000 0100
0x00000074 0000 1100 0000 0000 0000 0000 0000 0100
0x00000078 0000 0000 0100 0000 0100 0000 0010 0000
0x0000007c 0011 1100 0000 0001 0001 0000 0000 0001
0x00000080 0011 0100 0011 1001 0000 0000 0100 1110
0x00000084 1010 1101 0001 1001 0000 0000 0000 0000
0x00000088 0001 0101 0000 0000 0000 0000 0010 0110
0x0000008c 0011 1100 0000 0001 0001 0000 0000 0001
0x00000090 0011 0100 0010 0100 0000 0000 0000 0011
0x00000094 0000 1000 0000 0000 0000 0000 0001 0001
0x00000098 1000 1101 0000 1001 0000 0000 0000 0000
0x0000009c 1000 1101 0010 1001 0000 0000 0000 0000
0x000000a0 1010 1111 1101 0000 1111 1111 1111 0100
0x000000a4 1010 1111 1101 0001 1111 1111 1111 0000
0x000000a8 1010 1111 1101 0010 1111 1111 1110 1100
0x000000ac 1010 1111 1101 0011 1111 1111 1110 1000
0x000000b0 1010 1111 1101 0100 1111 1111 1110 0100
0x000000b4 1010 1111 1101 0101 1111 1111 1110 0000
0x000000b8 1010 1111 1101 0110 1111 1111 1101 1100
0x000000bc 1010 1111 1100 1000 1111 1111 1101 1000
0x000000c0 1010 1111 1100 1001 1111 1111 1101 0100
0x000000c4 1010 1111 1100 1010 1111 1111 1101 0000
0x000000c8 1010 1111 1100 1011 1111 1111 1100 1100
0x000000cc 1010 1111 1100 1100 1111 1111 1100 1000
0x000000d0 1010 1111 1100 1101 1111 1111 1100 0100
0x000000d4 1010 1111 1100 1110 1111 1111 1100 0000
0x000000d8 1010 1111 1100 1111 1111 1111 1011 1100
0x000000dc 1010 1111 1101 1000 1111 1111 1011 1000
0x000000e0 1010 1111 1100 0011 1111 1111 1011 0100
0x000000e4 0000 0001 0000 0000 0010 0000 0010 0000
0x000000e8 0011 1100 0000 0001 0000 0000 0000 0000
0x000000ec 0011 0100 0010 0101 0000 0000 0000 1010
0x000000f0 0000 0001 0010 0000 1111 1000 0000 1001
0x000000f4 1000 1111 1101 0000 1111 1111 1111 0100
0x000000f8 1000 1111 1101 0001 1111 1111 1111 0000
0x000000fc 1000 1111 1101 0010 1111 1111 1110 1100
0x00000100 1000 1111 1101 0011 1111 1111 1110 1000
0x00000104 1000 1111 1101 0100 1111 1111 1110 0100
0x00000108 1000 1111 1101 0101 1111 1111 1110 0000
0x0000010c 1000 1111 1101 0110 1111 1111 1101 1100
0x00000110 1000 1111 1100 1000 1111 1111 1101 1000
0x00000114 1000 1111 1100 1001 1111 1111 1101 0100
0x00000118 1000 1111 1100 1010 1111 1111 1101 0000
0x0000011c 1000 1111 1100 1011 1111 1111 1100 1100
0x00000120 1000 1111 1100 1100 1111 1111 1100 1000
0x00000124 1000 1111 1100 1101 1111 1111 1100 0100
0x00000128 1000 1111 1100 1110 1111 1111 1100 0000
0x0000012c 1000 1111 1100 1111 1111 1111 1011 1100
0x00000130 1000 1111 1101 1000 1111 1111 1011 1000
0x00000134 1000 1111 1100 0011 1111 1111 1011 0100
0x00000138 0000 0000 0100 0000 0101 0000 0010 0000
0x0000013c 0000 0001 0100 0000 0010 0000 0010 0000
0x00000140 0000 1100 0000 0000 0000 0000 0000 1000
0x00000144 1000 1111 1101 1111 1111 1111 1111 1100
0x00000148 1000 1111 1101 1110 1111 1111 1111 1000
0x0000014c 0010 0111 1011 1101 0000 0000 0100 1100
0x00000150 0000 0011 1110 0000 0000 0000 0000 1000
0x00000154 1010 1111 1011 1110 1111 1111 1111 1000
0x00000158 0000 0011 1010 0000 1111 0000 0010 0000
0x0000015c 0010 0111 1011 1101 1111 1111 1010 1100
0x00000160 1010 1111 1101 1111 1111 1111 1111 1100
0x00000164 1010 1111 1101 0000 1111 1111 1111 0100
0x00000168 1010 1111 1101 0001 1111 1111 1111 0000
0x0000016c 0000 0000 1000 0000 0110 1000 0010 0000
0x00000170 0000 0000 1010 0000 1000 0000 0010 0000
0x00000174 0010 1010 0000 1000 0000 0000 0000 0001
0x00000178 0001 0001 0000 0000 0000 0000 0110 0010
0x0000017c 0011 1100 0000 0001 0000 0000 0000 0000
0x00000180 0011 0100 0011 0001 0000 0000 0000 0001
0x00000184 0000 1000 0000 0000 0000 0000 1000 1110
0x00000188 0010 0110 0000 1001 1111 1111 1111 1111
0x0000018c 1000 1101 1010 1010 0000 0000 0000 0000
0x00000190 1000 1101 0100 1010 0000 0000 0000 0000
0x00000194 1010 1111 1101 0000 1111 1111 1110 1100
0x00000198 1010 1111 1101 0001 1111 1111 1110 1000
0x0000019c 1010 1111 1101 0010 1111 1111 1110 0100
0x000001a0 1010 1111 1101 0011 1111 1111 1110 0000
0x000001a4 1010 1111 1101 0100 1111 1111 1101 1100
0x000001a8 1010 1111 1101 0101 1111 1111 1101 1000
0x000001ac 1010 1111 1101 0110 1111 1111 1101 0100
0x000001b0 1010 1111 1100 1000 1111 1111 1101 0000
0x000001b4 1010 1111 1100 1001 1111 1111 1100 1100
0x000001b8 1010 1111 1100 1010 1111 1111 1100 1000
0x000001bc 1010 1111 1100 1011 1111 1111 1100 0100
0x000001c0 1010 1111 1100 1100 1111 1111 1100 0000
0x000001c4 1010 1111 1100 1101 1111 1111 1011 1100
0x000001c8 1010 1111 1100 1110 1111 1111 1011 1000
0x000001cc 1010 1111 1100 1111 1111 1111 1011 0100
0x000001d0 1010 1111 1101 1000 1111 1111 1011 0000
0x000001d4 1010 1111 1100 0011 1111 1111 1010 1100
0x000001d8 0000 0001 1010 0000 0010 0000 0010 0000
0x000001dc 0000 0001 0010 0000 0010 1000 0010 0000
0x000001e0 0000 0001 0100 0000 1111 1000 0000 1001
0x000001e4 1000 1111 1101 0000 1111 1111 1110 1100
0x000001e8 1000 1111 1101 0001 1111 1111 1110 1000
0x000001ec 1000 1111 1101 0010 1111 1111 1110 0100
0x000001f0 1000 1111 1101 0011 1111 1111 1110 0000
0x000001f4 1000 1111 1101 0100 1111 1111 1101 1100
0x000001f8 1000 1111 1101 0101 1111 1111 1101 1000
0x000001fc 1000 1111 1101 0110 1111 1111 1101 0100
0x00000200 1000 1111 1100 1000 1111 1111 1101 0000
0x00000204 1000 1111 1100 1001 1111 1111 1100 1100
0x00000208 1000 1111 1100 1010 1111 1111 1100 1000
0x0000020c 1000 1111 1100 1011 1111 1111 1100 0100
0x00000210 1000 1111 1100 1100 1111 1111 1100 0000
0x00000214 1000 1111 1100 1101 1111 1111 1011 1100
0x00000218 1000 1111 1100 1110 1111 1111 1011 1000
0x0000021c 1000 1111 1100 1111 1111 1111 1011 0100
0x00000220 1000 1111 1101 1000 1111 1111 1011 0000
0x00000224 1000 1111 1100 0011 1111 1111 1010 1100
0x00000228 0000 0000 0100 0000 0101 1000 0010 0000
0x0000022c 0000 0001 0110 0000 0110 0000 0010 0000
0x00000230 0000 0001 1001 0000 0000 0000 0001 1000
0x00000234 0000 0001 1000 0000 1000 1000 0010 0000
0x00000238 0000 0010 0010 0000 0001 0000 0010 0000
0x0000023c 1000 1111 1101 0000 1111 1111 1111 0100
0x00000240 1000 1111 1101 0001 1111 1111 1111 0000
0x00000244 1000 1111 1101 1111 1111 1111 1111 1100
0x00000248 1000 1111 1101 1110 1111 1111 1111 1000
0x0000024c 0010 0111 1011 1101 0000 0000 0101 0100
0x00000250 0000 0011 1110 0000 0000 0000 0000 1000
0x00000254 0000 0011 1110 0000 0000 0000 0000 1000
0x00000258 1010 1111 1011 1110 1111 1111 1111 1000
0x0000025c 0000 0011 1010 0000 1111 0000 0010 0000
0x00000260 0010 0111 1011 1101 1111 1111 1011 0100
0x00000264 1010 1111 1101 1111 1111 1111 1111 1100
0x00000268 0000 0000 1000 0000 0100 1000 0010 0000
0x0000026c 0010 0100 0000 1000 0000 0000 0000 0100
0x00000270 0000 0001 0000 1001 0000 0000 0001 1000
0x00000274 0010 0101 0000 1000 0000 0000 0000 0100
0x00000278 0000 0001 0000 0000 0010 0000 0010 0000
0x0000027c 0000 1100 0000 0000 0000 0000 0000 0100
0x00000280 0000 0000 0100 0000 0101 0000 0010 0000
0x00000284 1010 1101 0100 1001 0000 0000 0000 0000
0x00000288 0000 0001 0100 0000 0001 0000 0010 0000
0x0000028c 1000 1111 1101 1111 1111 1111 1111 1100
0x00000290 1000 1111 1101 1110 1111 1111 1111 1000
0x00000294 0010 0111 1011 1101 0000 0000 0100 1100
0x00000298 0000 0011 1110 0000 0000 0000 0000 1000
