 
------new run attempt for file increment_array.s--------
syntax error at line 7
syntax error at line 11
 
------new run attempt for file input.s/increment_array.s--------
syntax error at line 10
 
------new run attempt for file input.s/increment_array.s--------
syntax error at line 10
 
------new run attempt for file input.s/increment_array.s--------
no error
 
------new run attempt for file input.s/increment_array.s--------
no error
 
------new run attempt for file input.s/increment_array.s--------
no error
 
------new run attempt for file input.s/increment_array.s--------
no error
 
------new run attempt for file input.s/increment_array.s--------
no error
 
------new run attempt for file input.s/increment_array.s--------
no error
 
------new run attempt for file input.s/increment_array.s--------
no error
 
------new run attempt for file input.s/increment_array.s--------
no error
 
------new run attempt for file input.s/increment_array.s--------
no error
 
------new run attempt for file input.s/increment_array.s--------
no error
 
------new run attempt for file input.s/increment_array.s--------
no error
 
------new run attempt for file input.s/increment_array.s--------
no error
 
------new run attempt for file input.s/increment_array.s--------
no error
 
------new run attempt for file input.s/increment_array.s--------
no error
 
------new run attempt for file input.s/increment_array.s--------
no error
 
------new run attempt for file input.s/increment_array.s--------
no error
 
------new run attempt for file input.s/syscall.s--------
no error
 
------new run attempt for file input.s/increment_array.s--------
no error
 
------new run attempt for file input.s/increment_array.s--------
no error
 
------new run attempt for file input.s/syscall.s--------
no error
 
------new run attempt for file input.s/syscall.s--------
no error
 
------new run attempt for file input.s/syscall.s--------
no error
 
------new run attempt for file input.s/syscall.s--------
no error
 
------new run attempt for file input.s/syscall.s--------
no error
 
------new run attempt for file input.s/syscall.s--------
no error
 
------new run attempt for file input.s/syscall.s--------
no error
 
------new run attempt for file input.s/syscall.s--------
no error
 
------new run attempt for file input.s/syscall.s--------
no error
 
------new run attempt for file input.s/syscall.s--------
no error
 
------new run attempt for file input.s/syscall.s--------
no error
 
------new run attempt for file input.s/syscall.s--------
no error
 
------new run attempt for file input.s/syscall.s--------
no error
 
------new run attempt for file input.s/syscall.s--------
no error
 
------new run attempt for file input.s/syscall.s--------
no error
 
------new run attempt for file input.s/syscall.s--------
no error
 
------new run attempt for file input.s/syscall.s--------
syntax error at line 28
 
------new run attempt for file input.s/syscall.s--------
no error
 
------new run attempt for file input.s/syscall.s--------
syntax error at line 41
syntax error at line 45
syntax error at line 49
syntax error at line 53
 
------new run attempt for file input.s/syscall.s--------
no error
 
------new run attempt for file input.s/syscall.s--------
no error
 
------new run attempt for file input.s/syscall.s--------
no error
 
------new run attempt for file input.s/syscall.s--------
no error
 
------new run attempt for file input.s/syscall.s--------
no error
 
------new run attempt for file input.s/syscall.s--------
no error
 
------new run attempt for file input.s/syscall.s--------
no error
 
------new run attempt for file input.s/syscall.s--------
no error
 
------new run attempt for file input.s/syscall.s--------
no error
 
------new run attempt for file input.s/syscall.s--------
no error
